<html>
<head>
<title>TestNG:  employeeTest</title>
<link href="../testng.css" rel="stylesheet" type="text/css" />
<link href="../my-testng.css" rel="stylesheet" type="text/css" />

<style type="text/css">
.log { display: none;} 
.stack-trace { display: none;} 
</style>
<script type="text/javascript">
<!--
function flip(e) {
  current = e.style.display;
  if (current == 'block') {
    e.style.display = 'none';
    return 0;
  }
  else {
    e.style.display = 'block';
    return 1;
  }
}

function toggleBox(szDivId, elem, msg1, msg2)
{
  var res = -1;  if (document.getElementById) {
    res = flip(document.getElementById(szDivId));
  }
  else if (document.all) {
    // this is the way old msie versions work
    res = flip(document.all[szDivId]);
  }
  if(elem) {
    if(res == 0) elem.innerHTML = msg1; else elem.innerHTML = msg2;
  }

}

function toggleAllBoxes() {
  if (document.getElementsByTagName) {
    d = document.getElementsByTagName('div');
    for (i = 0; i < d.length; i++) {
      if (d[i].className == 'log') {
        flip(d[i]);
      }
    }
  }
}

// -->
</script>

</head>
<body>
<h2 align='center'>employeeTest</h2><table border='1' align="center">
<tr>
<td>Tests passed/Failed/Skipped:</td><td>36/6/0</td>
</tr><tr>
<td>Started on:</td><td>Sun Feb 23 14:16:13 AEDT 2020</td>
</tr>
<tr><td>Total time:</td><td>11 seconds (11763 ms)</td>
</tr><tr>
<td>Included groups:</td><td></td>
</tr><tr>
<td>Excluded groups:</td><td></td>
</tr>
</table><p/>
<small><i>(Hover the method name to see the test class name)</i></small><p/>
<table width='100%' border='1' class='invocation-failed'>
<tr><td colspan='4' align='center'><b>FAILED TESTS</b></td></tr>
<tr><td><b>Test method</b></td>
<td width="30%"><b>Exception</b></td>
<td width="10%"><b>Time (seconds)</b></td>
<td><b>Instance</b></td>
</tr>
<tr>
<td title='com.au.testCases.TC004_Put_Employee_record.checkBodyResponse()'><b>checkBodyResponse</b><br>Test class: com.au.testCases.TC004_Put_Employee_record</td>
<td><div><pre>java.lang.AssertionError: expected [true] but found [false]
	at com.au.testCases.TC004_Put_Employee_record.checkBodyResponse(TC004_Put_Employee_record.java:50)
... Removed 31 stack frames</pre></div><a href='#' onClick='toggleBox("stack-trace2014233765", this, "Click to show all stack frames", "Click to hide stack frames")'>Click to show all stack frames</a>
<div class='stack-trace' id='stack-trace2014233765'><pre>java.lang.AssertionError: expected [true] but found [false]
	at org.testng.Assert.fail(Assert.java:96)
	at org.testng.Assert.failNotEquals(Assert.java:776)
	at org.testng.Assert.assertEqualsImpl(Assert.java:137)
	at org.testng.Assert.assertEquals(Assert.java:118)
	at org.testng.Assert.assertEquals(Assert.java:568)
	at org.testng.Assert.assertEquals(Assert.java:578)
	at com.au.testCases.TC004_Put_Employee_record.checkBodyResponse(TC004_Put_Employee_record.java:50)
	at sun.reflect.NativeMethodAccessorImpl.invoke0(Native Method)
	at sun.reflect.NativeMethodAccessorImpl.invoke(Unknown Source)
	at sun.reflect.DelegatingMethodAccessorImpl.invoke(Unknown Source)
	at java.lang.reflect.Method.invoke(Unknown Source)
	at org.testng.internal.MethodInvocationHelper.invokeMethod(MethodInvocationHelper.java:124)
	at org.testng.internal.Invoker.invokeMethod(Invoker.java:583)
	at org.testng.internal.Invoker.invokeTestMethod(Invoker.java:719)
	at org.testng.internal.Invoker.invokeTestMethods(Invoker.java:989)
	at org.testng.internal.TestMethodWorker.invokeTestMethods(TestMethodWorker.java:125)
	at org.testng.internal.TestMethodWorker.run(TestMethodWorker.java:109)
	at org.testng.TestRunner.privateRun(TestRunner.java:648)
	at org.testng.TestRunner.run(TestRunner.java:505)
	at org.testng.SuiteRunner.runTest(SuiteRunner.java:455)
	at org.testng.SuiteRunner.runSequentially(SuiteRunner.java:450)
	at org.testng.SuiteRunner.privateRun(SuiteRunner.java:415)
	at org.testng.SuiteRunner.run(SuiteRunner.java:364)
	at org.testng.SuiteRunnerWorker.runSuite(SuiteRunnerWorker.java:52)
	at org.testng.SuiteRunnerWorker.run(SuiteRunnerWorker.java:84)
	at org.testng.TestNG.runSuitesSequentially(TestNG.java:1208)
	at org.testng.TestNG.runSuitesLocally(TestNG.java:1137)
	at org.testng.TestNG.runSuites(TestNG.java:1049)
	at org.testng.TestNG.run(TestNG.java:1017)
	at org.testng.remote.AbstractRemoteTestNG.run(AbstractRemoteTestNG.java:114)
	at org.testng.remote.RemoteTestNG.initAndRun(RemoteTestNG.java:251)
	at org.testng.remote.RemoteTestNG.main(RemoteTestNG.java:77)
</pre></div></td>
<td>0</td>
<td>com.au.testCases.TC004_Put_Employee_record@42e26948</td></tr>
<tr>
<td title='com.au.testCases.TC005_Delete_Employee_record.checkBodyResponse()'><b>checkBodyResponse</b><br>Test class: com.au.testCases.TC005_Delete_Employee_record</td>
<td><div><pre>java.lang.AssertionError: expected [true] but found [false]
	at com.au.testCases.TC005_Delete_Employee_record.checkBodyResponse(TC005_Delete_Employee_record.java:46)
... Removed 31 stack frames</pre></div><a href='#' onClick='toggleBox("stack-trace1125098735", this, "Click to show all stack frames", "Click to hide stack frames")'>Click to show all stack frames</a>
<div class='stack-trace' id='stack-trace1125098735'><pre>java.lang.AssertionError: expected [true] but found [false]
	at org.testng.Assert.fail(Assert.java:96)
	at org.testng.Assert.failNotEquals(Assert.java:776)
	at org.testng.Assert.assertEqualsImpl(Assert.java:137)
	at org.testng.Assert.assertEquals(Assert.java:118)
	at org.testng.Assert.assertEquals(Assert.java:568)
	at org.testng.Assert.assertEquals(Assert.java:578)
	at com.au.testCases.TC005_Delete_Employee_record.checkBodyResponse(TC005_Delete_Employee_record.java:46)
	at sun.reflect.NativeMethodAccessorImpl.invoke0(Native Method)
	at sun.reflect.NativeMethodAccessorImpl.invoke(Unknown Source)
	at sun.reflect.DelegatingMethodAccessorImpl.invoke(Unknown Source)
	at java.lang.reflect.Method.invoke(Unknown Source)
	at org.testng.internal.MethodInvocationHelper.invokeMethod(MethodInvocationHelper.java:124)
	at org.testng.internal.Invoker.invokeMethod(Invoker.java:583)
	at org.testng.internal.Invoker.invokeTestMethod(Invoker.java:719)
	at org.testng.internal.Invoker.invokeTestMethods(Invoker.java:989)
	at org.testng.internal.TestMethodWorker.invokeTestMethods(TestMethodWorker.java:125)
	at org.testng.internal.TestMethodWorker.run(TestMethodWorker.java:109)
	at org.testng.TestRunner.privateRun(TestRunner.java:648)
	at org.testng.TestRunner.run(TestRunner.java:505)
	at org.testng.SuiteRunner.runTest(SuiteRunner.java:455)
	at org.testng.SuiteRunner.runSequentially(SuiteRunner.java:450)
	at org.testng.SuiteRunner.privateRun(SuiteRunner.java:415)
	at org.testng.SuiteRunner.run(SuiteRunner.java:364)
	at org.testng.SuiteRunnerWorker.runSuite(SuiteRunnerWorker.java:52)
	at org.testng.SuiteRunnerWorker.run(SuiteRunnerWorker.java:84)
	at org.testng.TestNG.runSuitesSequentially(TestNG.java:1208)
	at org.testng.TestNG.runSuitesLocally(TestNG.java:1137)
	at org.testng.TestNG.runSuites(TestNG.java:1049)
	at org.testng.TestNG.run(TestNG.java:1017)
	at org.testng.remote.AbstractRemoteTestNG.run(AbstractRemoteTestNG.java:114)
	at org.testng.remote.RemoteTestNG.initAndRun(RemoteTestNG.java:251)
	at org.testng.remote.RemoteTestNG.main(RemoteTestNG.java:77)
</pre></div></td>
<td>0</td>
<td>com.au.testCases.TC005_Delete_Employee_record@57baeedf</td></tr>
<tr>
<td title='com.au.testCases.TC004_Put_Employee_record.checkContentLength()'><b>checkContentLength</b><br>Test class: com.au.testCases.TC004_Put_Employee_record</td>
<td><div><pre>java.lang.AssertionError: expected [true] but found [false]
	at com.au.testCases.TC004_Put_Employee_record.checkContentLength(TC004_Put_Employee_record.java:117)
... Removed 29 stack frames</pre></div><a href='#' onClick='toggleBox("stack-trace1869673263", this, "Click to show all stack frames", "Click to hide stack frames")'>Click to show all stack frames</a>
<div class='stack-trace' id='stack-trace1869673263'><pre>java.lang.AssertionError: expected [true] but found [false]
	at org.testng.Assert.fail(Assert.java:96)
	at org.testng.Assert.failNotEquals(Assert.java:776)
	at org.testng.Assert.assertTrue(Assert.java:44)
	at org.testng.Assert.assertTrue(Assert.java:54)
	at com.au.testCases.TC004_Put_Employee_record.checkContentLength(TC004_Put_Employee_record.java:117)
	at sun.reflect.NativeMethodAccessorImpl.invoke0(Native Method)
	at sun.reflect.NativeMethodAccessorImpl.invoke(Unknown Source)
	at sun.reflect.DelegatingMethodAccessorImpl.invoke(Unknown Source)
	at java.lang.reflect.Method.invoke(Unknown Source)
	at org.testng.internal.MethodInvocationHelper.invokeMethod(MethodInvocationHelper.java:124)
	at org.testng.internal.Invoker.invokeMethod(Invoker.java:583)
	at org.testng.internal.Invoker.invokeTestMethod(Invoker.java:719)
	at org.testng.internal.Invoker.invokeTestMethods(Invoker.java:989)
	at org.testng.internal.TestMethodWorker.invokeTestMethods(TestMethodWorker.java:125)
	at org.testng.internal.TestMethodWorker.run(TestMethodWorker.java:109)
	at org.testng.TestRunner.privateRun(TestRunner.java:648)
	at org.testng.TestRunner.run(TestRunner.java:505)
	at org.testng.SuiteRunner.runTest(SuiteRunner.java:455)
	at org.testng.SuiteRunner.runSequentially(SuiteRunner.java:450)
	at org.testng.SuiteRunner.privateRun(SuiteRunner.java:415)
	at org.testng.SuiteRunner.run(SuiteRunner.java:364)
	at org.testng.SuiteRunnerWorker.runSuite(SuiteRunnerWorker.java:52)
	at org.testng.SuiteRunnerWorker.run(SuiteRunnerWorker.java:84)
	at org.testng.TestNG.runSuitesSequentially(TestNG.java:1208)
	at org.testng.TestNG.runSuitesLocally(TestNG.java:1137)
	at org.testng.TestNG.runSuites(TestNG.java:1049)
	at org.testng.TestNG.run(TestNG.java:1017)
	at org.testng.remote.AbstractRemoteTestNG.run(AbstractRemoteTestNG.java:114)
	at org.testng.remote.RemoteTestNG.initAndRun(RemoteTestNG.java:251)
	at org.testng.remote.RemoteTestNG.main(RemoteTestNG.java:77)
</pre></div></td>
<td>0</td>
<td>com.au.testCases.TC004_Put_Employee_record@42e26948</td></tr>
<tr>
<td title='com.au.testCases.TC001_Get_All_Employees.checkResponseTime()'><b>checkResponseTime</b><br>Test class: com.au.testCases.TC001_Get_All_Employees</td>
<td><div><pre>java.lang.AssertionError: expected [true] but found [false]
	at com.au.testCases.TC001_Get_All_Employees.checkResponseTime(TC001_Get_All_Employees.java:55)
... Removed 29 stack frames</pre></div><a href='#' onClick='toggleBox("stack-trace1000171161", this, "Click to show all stack frames", "Click to hide stack frames")'>Click to show all stack frames</a>
<div class='stack-trace' id='stack-trace1000171161'><pre>java.lang.AssertionError: expected [true] but found [false]
	at org.testng.Assert.fail(Assert.java:96)
	at org.testng.Assert.failNotEquals(Assert.java:776)
	at org.testng.Assert.assertTrue(Assert.java:44)
	at org.testng.Assert.assertTrue(Assert.java:54)
	at com.au.testCases.TC001_Get_All_Employees.checkResponseTime(TC001_Get_All_Employees.java:55)
	at sun.reflect.NativeMethodAccessorImpl.invoke0(Native Method)
	at sun.reflect.NativeMethodAccessorImpl.invoke(Unknown Source)
	at sun.reflect.DelegatingMethodAccessorImpl.invoke(Unknown Source)
	at java.lang.reflect.Method.invoke(Unknown Source)
	at org.testng.internal.MethodInvocationHelper.invokeMethod(MethodInvocationHelper.java:124)
	at org.testng.internal.Invoker.invokeMethod(Invoker.java:583)
	at org.testng.internal.Invoker.invokeTestMethod(Invoker.java:719)
	at org.testng.internal.Invoker.invokeTestMethods(Invoker.java:989)
	at org.testng.internal.TestMethodWorker.invokeTestMethods(TestMethodWorker.java:125)
	at org.testng.internal.TestMethodWorker.run(TestMethodWorker.java:109)
	at org.testng.TestRunner.privateRun(TestRunner.java:648)
	at org.testng.TestRunner.run(TestRunner.java:505)
	at org.testng.SuiteRunner.runTest(SuiteRunner.java:455)
	at org.testng.SuiteRunner.runSequentially(SuiteRunner.java:450)
	at org.testng.SuiteRunner.privateRun(SuiteRunner.java:415)
	at org.testng.SuiteRunner.run(SuiteRunner.java:364)
	at org.testng.SuiteRunnerWorker.runSuite(SuiteRunnerWorker.java:52)
	at org.testng.SuiteRunnerWorker.run(SuiteRunnerWorker.java:84)
	at org.testng.TestNG.runSuitesSequentially(TestNG.java:1208)
	at org.testng.TestNG.runSuitesLocally(TestNG.java:1137)
	at org.testng.TestNG.runSuites(TestNG.java:1049)
	at org.testng.TestNG.run(TestNG.java:1017)
	at org.testng.remote.AbstractRemoteTestNG.run(AbstractRemoteTestNG.java:114)
	at org.testng.remote.RemoteTestNG.initAndRun(RemoteTestNG.java:251)
	at org.testng.remote.RemoteTestNG.main(RemoteTestNG.java:77)
</pre></div></td>
<td>0</td>
<td>com.au.testCases.TC001_Get_All_Employees@7d9d1a19</td></tr>
<tr>
<td title='com.au.testCases.TC002_Get_Single_Employees.checkResponseTime()'><b>checkResponseTime</b><br>Test class: com.au.testCases.TC002_Get_Single_Employees</td>
<td><div><pre>java.lang.AssertionError: expected [true] but found [false]
	at com.au.testCases.TC002_Get_Single_Employees.checkResponseTime(TC002_Get_Single_Employees.java:61)
... Removed 29 stack frames</pre></div><a href='#' onClick='toggleBox("stack-trace1220806149", this, "Click to show all stack frames", "Click to hide stack frames")'>Click to show all stack frames</a>
<div class='stack-trace' id='stack-trace1220806149'><pre>java.lang.AssertionError: expected [true] but found [false]
	at org.testng.Assert.fail(Assert.java:96)
	at org.testng.Assert.failNotEquals(Assert.java:776)
	at org.testng.Assert.assertTrue(Assert.java:44)
	at org.testng.Assert.assertTrue(Assert.java:54)
	at com.au.testCases.TC002_Get_Single_Employees.checkResponseTime(TC002_Get_Single_Employees.java:61)
	at sun.reflect.NativeMethodAccessorImpl.invoke0(Native Method)
	at sun.reflect.NativeMethodAccessorImpl.invoke(Unknown Source)
	at sun.reflect.DelegatingMethodAccessorImpl.invoke(Unknown Source)
	at java.lang.reflect.Method.invoke(Unknown Source)
	at org.testng.internal.MethodInvocationHelper.invokeMethod(MethodInvocationHelper.java:124)
	at org.testng.internal.Invoker.invokeMethod(Invoker.java:583)
	at org.testng.internal.Invoker.invokeTestMethod(Invoker.java:719)
	at org.testng.internal.Invoker.invokeTestMethods(Invoker.java:989)
	at org.testng.internal.TestMethodWorker.invokeTestMethods(TestMethodWorker.java:125)
	at org.testng.internal.TestMethodWorker.run(TestMethodWorker.java:109)
	at org.testng.TestRunner.privateRun(TestRunner.java:648)
	at org.testng.TestRunner.run(TestRunner.java:505)
	at org.testng.SuiteRunner.runTest(SuiteRunner.java:455)
	at org.testng.SuiteRunner.runSequentially(SuiteRunner.java:450)
	at org.testng.SuiteRunner.privateRun(SuiteRunner.java:415)
	at org.testng.SuiteRunner.run(SuiteRunner.java:364)
	at org.testng.SuiteRunnerWorker.runSuite(SuiteRunnerWorker.java:52)
	at org.testng.SuiteRunnerWorker.run(SuiteRunnerWorker.java:84)
	at org.testng.TestNG.runSuitesSequentially(TestNG.java:1208)
	at org.testng.TestNG.runSuitesLocally(TestNG.java:1137)
	at org.testng.TestNG.runSuites(TestNG.java:1049)
	at org.testng.TestNG.run(TestNG.java:1017)
	at org.testng.remote.AbstractRemoteTestNG.run(AbstractRemoteTestNG.java:114)
	at org.testng.remote.RemoteTestNG.initAndRun(RemoteTestNG.java:251)
	at org.testng.remote.RemoteTestNG.main(RemoteTestNG.java:77)
</pre></div></td>
<td>0</td>
<td>com.au.testCases.TC002_Get_Single_Employees@39c0f4a</td></tr>
<tr>
<td title='com.au.testCases.TC002_Get_Single_Employees.checkServerType()'><b>checkServerType</b><br>Test class: com.au.testCases.TC002_Get_Single_Employees</td>
<td><div><pre>java.lang.AssertionError: expected [nginx/1.14.1] but found [nginx/1.16.0]
	at com.au.testCases.TC002_Get_Single_Employees.checkServerType(TC002_Get_Single_Employees.java:89)
... Removed 31 stack frames</pre></div><a href='#' onClick='toggleBox("stack-trace454160179", this, "Click to show all stack frames", "Click to hide stack frames")'>Click to show all stack frames</a>
<div class='stack-trace' id='stack-trace454160179'><pre>java.lang.AssertionError: expected [nginx/1.14.1] but found [nginx/1.16.0]
	at org.testng.Assert.fail(Assert.java:96)
	at org.testng.Assert.failNotEquals(Assert.java:776)
	at org.testng.Assert.assertEqualsImpl(Assert.java:137)
	at org.testng.Assert.assertEquals(Assert.java:118)
	at org.testng.Assert.assertEquals(Assert.java:453)
	at org.testng.Assert.assertEquals(Assert.java:463)
	at com.au.testCases.TC002_Get_Single_Employees.checkServerType(TC002_Get_Single_Employees.java:89)
	at sun.reflect.NativeMethodAccessorImpl.invoke0(Native Method)
	at sun.reflect.NativeMethodAccessorImpl.invoke(Unknown Source)
	at sun.reflect.DelegatingMethodAccessorImpl.invoke(Unknown Source)
	at java.lang.reflect.Method.invoke(Unknown Source)
	at org.testng.internal.MethodInvocationHelper.invokeMethod(MethodInvocationHelper.java:124)
	at org.testng.internal.Invoker.invokeMethod(Invoker.java:583)
	at org.testng.internal.Invoker.invokeTestMethod(Invoker.java:719)
	at org.testng.internal.Invoker.invokeTestMethods(Invoker.java:989)
	at org.testng.internal.TestMethodWorker.invokeTestMethods(TestMethodWorker.java:125)
	at org.testng.internal.TestMethodWorker.run(TestMethodWorker.java:109)
	at org.testng.TestRunner.privateRun(TestRunner.java:648)
	at org.testng.TestRunner.run(TestRunner.java:505)
	at org.testng.SuiteRunner.runTest(SuiteRunner.java:455)
	at org.testng.SuiteRunner.runSequentially(SuiteRunner.java:450)
	at org.testng.SuiteRunner.privateRun(SuiteRunner.java:415)
	at org.testng.SuiteRunner.run(SuiteRunner.java:364)
	at org.testng.SuiteRunnerWorker.runSuite(SuiteRunnerWorker.java:52)
	at org.testng.SuiteRunnerWorker.run(SuiteRunnerWorker.java:84)
	at org.testng.TestNG.runSuitesSequentially(TestNG.java:1208)
	at org.testng.TestNG.runSuitesLocally(TestNG.java:1137)
	at org.testng.TestNG.runSuites(TestNG.java:1049)
	at org.testng.TestNG.run(TestNG.java:1017)
	at org.testng.remote.AbstractRemoteTestNG.run(AbstractRemoteTestNG.java:114)
	at org.testng.remote.RemoteTestNG.initAndRun(RemoteTestNG.java:251)
	at org.testng.remote.RemoteTestNG.main(RemoteTestNG.java:77)
</pre></div></td>
<td>0</td>
<td>com.au.testCases.TC002_Get_Single_Employees@39c0f4a</td></tr>
</table><p>
<table width='100%' border='1' class='invocation-passed'>
<tr><td colspan='4' align='center'><b>PASSED TESTS</b></td></tr>
<tr><td><b>Test method</b></td>
<td width="30%"><b>Exception</b></td>
<td width="10%"><b>Time (seconds)</b></td>
<td><b>Instance</b></td>
</tr>
<tr>
<td title='com.au.testCases.TC001_Get_All_Employees.checkBodyResponse()'><b>checkBodyResponse</b><br>Test class: com.au.testCases.TC001_Get_All_Employees</td>
<td></td>
<td>0</td>
<td>com.au.testCases.TC001_Get_All_Employees@7d9d1a19</td></tr>
<tr>
<td title='com.au.testCases.TC002_Get_Single_Employees.checkBodyResponse()'><b>checkBodyResponse</b><br>Test class: com.au.testCases.TC002_Get_Single_Employees</td>
<td></td>
<td>0</td>
<td>com.au.testCases.TC002_Get_Single_Employees@39c0f4a</td></tr>
<tr>
<td title='com.au.testCases.TC003_Post_Employee_record.checkBodyResponse()'><b>checkBodyResponse</b><br>Test class: com.au.testCases.TC003_Post_Employee_record</td>
<td></td>
<td>0</td>
<td>com.au.testCases.TC003_Post_Employee_record@1794d431</td></tr>
<tr>
<td title='com.au.testCases.TC001_Get_All_Employees.checkContentEncoding()'><b>checkContentEncoding</b><br>Test class: com.au.testCases.TC001_Get_All_Employees</td>
<td></td>
<td>0</td>
<td>com.au.testCases.TC001_Get_All_Employees@7d9d1a19</td></tr>
<tr>
<td title='com.au.testCases.TC002_Get_Single_Employees.checkContentEncoding()'><b>checkContentEncoding</b><br>Test class: com.au.testCases.TC002_Get_Single_Employees</td>
<td></td>
<td>0</td>
<td>com.au.testCases.TC002_Get_Single_Employees@39c0f4a</td></tr>
<tr>
<td title='com.au.testCases.TC001_Get_All_Employees.checkContentLength()'><b>checkContentLength</b><br>Test class: com.au.testCases.TC001_Get_All_Employees</td>
<td></td>
<td>0</td>
<td>com.au.testCases.TC001_Get_All_Employees@7d9d1a19</td></tr>
<tr>
<td title='com.au.testCases.TC002_Get_Single_Employees.checkContentLength()'><b>checkContentLength</b><br>Test class: com.au.testCases.TC002_Get_Single_Employees</td>
<td></td>
<td>0</td>
<td>com.au.testCases.TC002_Get_Single_Employees@39c0f4a</td></tr>
<tr>
<td title='com.au.testCases.TC003_Post_Employee_record.checkContentLength()'><b>checkContentLength</b><br>Test class: com.au.testCases.TC003_Post_Employee_record</td>
<td></td>
<td>0</td>
<td>com.au.testCases.TC003_Post_Employee_record@1794d431</td></tr>
<tr>
<td title='com.au.testCases.TC005_Delete_Employee_record.checkContentLength()'><b>checkContentLength</b><br>Test class: com.au.testCases.TC005_Delete_Employee_record</td>
<td></td>
<td>0</td>
<td>com.au.testCases.TC005_Delete_Employee_record@57baeedf</td></tr>
<tr>
<td title='com.au.testCases.TC001_Get_All_Employees.checkContentType()'><b>checkContentType</b><br>Test class: com.au.testCases.TC001_Get_All_Employees</td>
<td></td>
<td>0</td>
<td>com.au.testCases.TC001_Get_All_Employees@7d9d1a19</td></tr>
<tr>
<td title='com.au.testCases.TC002_Get_Single_Employees.checkContentType()'><b>checkContentType</b><br>Test class: com.au.testCases.TC002_Get_Single_Employees</td>
<td></td>
<td>0</td>
<td>com.au.testCases.TC002_Get_Single_Employees@39c0f4a</td></tr>
<tr>
<td title='com.au.testCases.TC003_Post_Employee_record.checkContentType()'><b>checkContentType</b><br>Test class: com.au.testCases.TC003_Post_Employee_record</td>
<td></td>
<td>0</td>
<td>com.au.testCases.TC003_Post_Employee_record@1794d431</td></tr>
<tr>
<td title='com.au.testCases.TC004_Put_Employee_record.checkContentType()'><b>checkContentType</b><br>Test class: com.au.testCases.TC004_Put_Employee_record</td>
<td></td>
<td>0</td>
<td>com.au.testCases.TC004_Put_Employee_record@42e26948</td></tr>
<tr>
<td title='com.au.testCases.TC005_Delete_Employee_record.checkContentType()'><b>checkContentType</b><br>Test class: com.au.testCases.TC005_Delete_Employee_record</td>
<td></td>
<td>0</td>
<td>com.au.testCases.TC005_Delete_Employee_record@57baeedf</td></tr>
<tr>
<td title='com.au.testCases.TC003_Post_Employee_record.checkResponseTime()'><b>checkResponseTime</b><br>Test class: com.au.testCases.TC003_Post_Employee_record</td>
<td></td>
<td>0</td>
<td>com.au.testCases.TC003_Post_Employee_record@1794d431</td></tr>
<tr>
<td title='com.au.testCases.TC004_Put_Employee_record.checkResponseTime()'><b>checkResponseTime</b><br>Test class: com.au.testCases.TC004_Put_Employee_record</td>
<td></td>
<td>0</td>
<td>com.au.testCases.TC004_Put_Employee_record@42e26948</td></tr>
<tr>
<td title='com.au.testCases.TC005_Delete_Employee_record.checkResponseTime()'><b>checkResponseTime</b><br>Test class: com.au.testCases.TC005_Delete_Employee_record</td>
<td></td>
<td>0</td>
<td>com.au.testCases.TC005_Delete_Employee_record@57baeedf</td></tr>
<tr>
<td title='com.au.testCases.TC001_Get_All_Employees.checkServerType()'><b>checkServerType</b><br>Test class: com.au.testCases.TC001_Get_All_Employees</td>
<td></td>
<td>0</td>
<td>com.au.testCases.TC001_Get_All_Employees@7d9d1a19</td></tr>
<tr>
<td title='com.au.testCases.TC003_Post_Employee_record.checkServerType()'><b>checkServerType</b><br>Test class: com.au.testCases.TC003_Post_Employee_record</td>
<td></td>
<td>0</td>
<td>com.au.testCases.TC003_Post_Employee_record@1794d431</td></tr>
<tr>
<td title='com.au.testCases.TC004_Put_Employee_record.checkServerType()'><b>checkServerType</b><br>Test class: com.au.testCases.TC004_Put_Employee_record</td>
<td></td>
<td>0</td>
<td>com.au.testCases.TC004_Put_Employee_record@42e26948</td></tr>
<tr>
<td title='com.au.testCases.TC005_Delete_Employee_record.checkServerType()'><b>checkServerType</b><br>Test class: com.au.testCases.TC005_Delete_Employee_record</td>
<td></td>
<td>0</td>
<td>com.au.testCases.TC005_Delete_Employee_record@57baeedf</td></tr>
<tr>
<td title='com.au.testCases.TC001_Get_All_Employees.checkStatusCode()'><b>checkStatusCode</b><br>Test class: com.au.testCases.TC001_Get_All_Employees</td>
<td></td>
<td>0</td>
<td>com.au.testCases.TC001_Get_All_Employees@7d9d1a19</td></tr>
<tr>
<td title='com.au.testCases.TC002_Get_Single_Employees.checkStatusCode()'><b>checkStatusCode</b><br>Test class: com.au.testCases.TC002_Get_Single_Employees</td>
<td></td>
<td>0</td>
<td>com.au.testCases.TC002_Get_Single_Employees@39c0f4a</td></tr>
<tr>
<td title='com.au.testCases.TC003_Post_Employee_record.checkStatusCode()'><b>checkStatusCode</b><br>Test class: com.au.testCases.TC003_Post_Employee_record</td>
<td></td>
<td>0</td>
<td>com.au.testCases.TC003_Post_Employee_record@1794d431</td></tr>
<tr>
<td title='com.au.testCases.TC004_Put_Employee_record.checkStatusCode()'><b>checkStatusCode</b><br>Test class: com.au.testCases.TC004_Put_Employee_record</td>
<td></td>
<td>0</td>
<td>com.au.testCases.TC004_Put_Employee_record@42e26948</td></tr>
<tr>
<td title='com.au.testCases.TC005_Delete_Employee_record.checkStatusCode()'><b>checkStatusCode</b><br>Test class: com.au.testCases.TC005_Delete_Employee_record</td>
<td></td>
<td>0</td>
<td>com.au.testCases.TC005_Delete_Employee_record@57baeedf</td></tr>
<tr>
<td title='com.au.testCases.TC001_Get_All_Employees.checkStatusLine()'><b>checkStatusLine</b><br>Test class: com.au.testCases.TC001_Get_All_Employees</td>
<td></td>
<td>0</td>
<td>com.au.testCases.TC001_Get_All_Employees@7d9d1a19</td></tr>
<tr>
<td title='com.au.testCases.TC002_Get_Single_Employees.checkStatusLine()'><b>checkStatusLine</b><br>Test class: com.au.testCases.TC002_Get_Single_Employees</td>
<td></td>
<td>0</td>
<td>com.au.testCases.TC002_Get_Single_Employees@39c0f4a</td></tr>
<tr>
<td title='com.au.testCases.TC003_Post_Employee_record.checkStatusLine()'><b>checkStatusLine</b><br>Test class: com.au.testCases.TC003_Post_Employee_record</td>
<td></td>
<td>0</td>
<td>com.au.testCases.TC003_Post_Employee_record@1794d431</td></tr>
<tr>
<td title='com.au.testCases.TC004_Put_Employee_record.checkStatusLine()'><b>checkStatusLine</b><br>Test class: com.au.testCases.TC004_Put_Employee_record</td>
<td></td>
<td>0</td>
<td>com.au.testCases.TC004_Put_Employee_record@42e26948</td></tr>
<tr>
<td title='com.au.testCases.TC005_Delete_Employee_record.checkStatusLine()'><b>checkStatusLine</b><br>Test class: com.au.testCases.TC005_Delete_Employee_record</td>
<td></td>
<td>0</td>
<td>com.au.testCases.TC005_Delete_Employee_record@57baeedf</td></tr>
<tr>
<td title='com.au.testCases.TC001_Get_All_Employees.checkcookies()'><b>checkcookies</b><br>Test class: com.au.testCases.TC001_Get_All_Employees</td>
<td></td>
<td>0</td>
<td>com.au.testCases.TC001_Get_All_Employees@7d9d1a19</td></tr>
<tr>
<td title='com.au.testCases.TC002_Get_Single_Employees.checkcookies()'><b>checkcookies</b><br>Test class: com.au.testCases.TC002_Get_Single_Employees</td>
<td></td>
<td>0</td>
<td>com.au.testCases.TC002_Get_Single_Employees@39c0f4a</td></tr>
<tr>
<td title='com.au.testCases.TC003_Post_Employee_record.checkcookies()'><b>checkcookies</b><br>Test class: com.au.testCases.TC003_Post_Employee_record</td>
<td></td>
<td>0</td>
<td>com.au.testCases.TC003_Post_Employee_record@1794d431</td></tr>
<tr>
<td title='com.au.testCases.TC004_Put_Employee_record.checkcookies()'><b>checkcookies</b><br>Test class: com.au.testCases.TC004_Put_Employee_record</td>
<td></td>
<td>0</td>
<td>com.au.testCases.TC004_Put_Employee_record@42e26948</td></tr>
<tr>
<td title='com.au.testCases.TC005_Delete_Employee_record.checkcookies()'><b>checkcookies</b><br>Test class: com.au.testCases.TC005_Delete_Employee_record</td>
<td></td>
<td>0</td>
<td>com.au.testCases.TC005_Delete_Employee_record@57baeedf</td></tr>
</table><p>
</body>
</html>